<?xml version="1.0" encoding="UTF-8"?>
<testsuite xmlns:xsi="http://www.w3.org/2001/XMLSchema-instance" xsi:noNamespaceSchemaLocation="https://maven.apache.org/surefire/maven-surefire-plugin/xsd/surefire-test-report-3.0.xsd" version="3.0" name="TestSuite" time="10.287" tests="3" errors="0" skipped="0" failures="0">
  <properties>
[...]
</properties>
  <testcase name="shouldBeAbleToLoginWithEmailAndPassword" classname="com.qacart.todo.testcases.LoginTest" time="1.846">
    <system-out><![CDATA[Request method:	POST
Request URI:	https://todo.qacart.com/api/v1/users/register
Proxy:			<none>
Request params:	<none>
Query params:	<none>
Form params:	<none>
Path params:	<none>
Headers:		Accept=*/*
				Content-Type=application/json
Cookies:		<none>
Multiparts:		<none>
Body:
{
    "email": "gino.quigley@hotmail.com",
    "password": "ypyl2s97pp",
    "firstName": "Hans",
    "lastName": "Dibbert"
}
Request method:	POST
Request URI:	https://todo.qacart.com/api/v1/users/register
Proxy:			<none>
Request params:	<none>
Query params:	<none>
Form params:	<none>
Path params:	<none>
Headers:		Accept=*/*
				Content-Type=application/json
Cookies:		<none>
Multiparts:		<none>
Body:
{
    "email": "gerry.leannon@hotmail.com",
    "password": "rfcfg0wd6xisx",
    "firstName": "Donny",
    "lastName": "Osinski"
}
]]></system-out>
    <system-err><![CDATA[SLF4J: No SLF4J providers were found.
SLF4J: Defaulting to no-operation (NOP) logger implementation
SLF4J: See https://www.slf4j.org/codes.html#noProviders for further details.
1697127133682	geckodriver	INFO	Listening on 127.0.0.1:34733
1697127133687	geckodriver	INFO	Listening on 127.0.0.1:2058
1697127133693	geckodriver	INFO	Listening on 127.0.0.1:26735
1697127134003	mozrunner::runner	INFO	Running command: "C:\\Program Files\\Mozilla Firefox\\firefox.exe" "--marionette" "--remote-debugging-port" "40387" "--remote ... st:40387/,http://[::1]:40387/" "-no-remote" "-profile" "C:\\Users\\AHMEDE~1.ELG\\AppData\\Local\\Temp\\rust_mozprofile3a7lPo"
1697127134005	mozrunner::runner	INFO	Running command: "C:\\Program Files\\Mozilla Firefox\\firefox.exe" "--marionette" "--remote-debugging-port" "30803" "--remote ... st:30803/,http://[::1]:30803/" "-no-remote" "-profile" "C:\\Users\\AHMEDE~1.ELG\\AppDa1ta6\\L9ocal7\\T1e2mp\7\ru1st3_mo4zpr0ofi0letP6eI2	D"
mozrunner::runner	INFO	Running command: "C:\\Program Files\\Mozilla Firefox\\firefox.exe" "--marionette" "--remote-debugging-port" "11221" "--remote ... st:11221/,http://[::1]:11221/" "-no-remote" "-profile" "C:\\Users\\AHMEDE~1.ELG\\AppData\\Local\\Temp\\rust_mozprofilemS5k8k"
console.warn: services.settings: Ignoring preference override of remote settings server
console.warn: services.settings: Allow by setting MOZ_REMOTE_SETTINGS_DEVTOOLS=1 in the environment
console.warn: services.settings: Ignoring preference override of remote settings server
console.warn: services.settings: Allow by setting MOZ_REMOTE_SETTINGS_DEVTOOLS=1 in the environment
console.warn: services.settings: Ignoring preference override of remote settings server
console.warn: services.settings: Allow by setting MOZ_REMOTE_SETTINGS_DEVTOOLS=1 in the environment
1697127134354	Marionette	INFO	Marionette enabled
Dynamically enable window occlusion 0
1697127134395	Marionette	1IN6F9O7	1M2a7r1i3o4n3e9tte enabled
5	Marionette	INFO	Marionette enabled
Dynamically enable window occlusion 0
Dynamically enable window occlusion 0
1697127134445	Marionette	INFO	Listening on port 58828
Read port: 58828
WebDriver BiDi listening on ws://127.0.0.1:11221
1697127134491	RemoteAgent	WARN	TLS certificate errors will be ignored for this session
1697127134550	Marionette	INFO	Listening on port 58830
1697127134552	Marionette	INFO	Listening on port 58829
WebDriver BiDi listening on ws://127.0.0.1:30803
WebDriver BiDi listening on ws://127.0.0.1:40387
RReade apodr tp:o 5r8t8:30 
58829
1697127134673	RemoteAgent	WARN	TLS certificate errors will be ignored for this session
1697127134678	RemoteAgent	WARN	TLS certificate errors will be ignored for this session
DevTools listening on ws://127.0.0.1:11221/devtools/browser/06dd02a4-3738-447e-9102-1e9fa80a40b8
DevTools listening on ws://127.0.0.1:40387/devtools/browser/964c003c-5dcd-4740-8d62-9c6634162780
DevTools listening on ws://127.0.0.1:30803/devtools/browser/88b3e527-6998-4798-bbb9-b5b2230a8647
console.warn: LoginRecipes: "Falling back to a synchronous message for: https://todo.qacart.com."
console.warn: LoginRecipes: "Falling back to a synchronous message for: https://todo.qacart.com."
]]></system-err>
  </testcase>
  <testcase name="shouldBeAbleToAddNewTodo" classname="com.qacart.todo.testcases.TodoTest" time="4.624">
    <system-out><![CDATA[HTTP/1.1 201 Created
Server: Cowboy
Report-To: {"group":"heroku-nel","max_age":3600,"endpoints":[{"url":"https://nel.heroku.com/reports?ts=1697127138&sid=812dcc77-0bd0-43b1-a5f1-b25750382959&s=wWYjA3gih4BGp2t8bHgxSHp3sAOYUeYUCyj0qAbBXOs%3D"}]}
Reporting-Endpoints: heroku-nel=https://nel.heroku.com/reports?ts=1697127138&sid=812dcc77-0bd0-43b1-a5f1-b25750382959&s=wWYjA3gih4BGp2t8bHgxSHp3sAOYUeYUCyj0qAbBXOs%3D
Nel: {"report_to":"heroku-nel","max_age":3600,"success_fraction":0.005,"failure_fraction":0.05,"response_headers":["Via"]}
Connection: keep-alive
X-Powered-By: Express
Access-Control-Allow-Origin: *
Set-Cookie: access_token=eyJhbGciOiJIUzI1NiIsInR5cCI6IkpXVCJ9.eyJpZCI6IjY1MjgxYWUyZDUzMzEzMDAxNDdhNTBlYSIsImZpcnN0TmFtZSI6IkhhbnMiLCJsYXN0TmFtZSI6IkRpYmJlcnQiLCJpYXQiOjE2OTcxMjcxMzh9.pYYT3qoGHaNSLioNCPXltEc2vmGGsDdgBHVgf1xDOB0; Path=/
Set-Cookie: userID=j%3A%2265281ae2d5331300147a50ea%22; Path=/
Set-Cookie: firstName=Hans; Path=/
Content-Type: application/json; charset=utf-8
Content-Length: 275
Etag: W/"113-HV9FcHHZJJ48zSaybJCh8OwdQVk"
Date: Thu, 12 Oct 2023 16:12:18 GMT
Via: 1.1 vegur

{
    "access_token": "eyJhbGciOiJIUzI1NiIsInR5cCI6IkpXVCJ9.eyJpZCI6IjY1MjgxYWUyZDUzMzEzMDAxNDdhNTBlYSIsImZpcnN0TmFtZSI6IkhhbnMiLCJsYXN0TmFtZSI6IkRpYmJlcnQiLCJpYXQiOjE2OTcxMjcxMzh9.pYYT3qoGHaNSLioNCPXltEc2vmGGsDdgBHVgf1xDOB0",
    "userID": "65281ae2d5331300147a50ea",
    "firstName": "Hans"
}
HTTP/1.1 201 Created
Server: Cowboy
Report-To: {"group":"heroku-nel","max_age":3600,"endpoints":[{"url":"https://nel.heroku.com/reports?ts=1697127138&sid=812dcc77-0bd0-43b1-a5f1-b25750382959&s=wWYjA3gih4BGp2t8bHgxSHp3sAOYUeYUCyj0qAbBXOs%3D"}]}
Reporting-Endpoints: heroku-nel=https://nel.heroku.com/reports?ts=1697127138&sid=812dcc77-0bd0-43b1-a5f1-b25750382959&s=wWYjA3gih4BGp2t8bHgxSHp3sAOYUeYUCyj0qAbBXOs%3D
Nel: {"report_to":"heroku-nel","max_age":3600,"success_fraction":0.005,"failure_fraction":0.05,"response_headers":["Via"]}
Connection: keep-alive
X-Powered-By: Express
Access-Control-Allow-Origin: *
Set-Cookie: access_token=eyJhbGciOiJIUzI1NiIsInR5cCI6IkpXVCJ9.eyJpZCI6IjY1MjgxYWUyZDUzMzEzMDAxNDdhNTBlOCIsImZpcnN0TmFtZSI6IkRvbm55IiwibGFzdE5hbWUiOiJPc2luc2tpIiwiaWF0IjoxNjk3MTI3MTM4fQ.5CyAeiLipSTt7eTggpsncCIbL6FCDd6TddUFwrBXyBM; Path=/
Set-Cookie: userID=j%3A%2265281ae2d5331300147a50e8%22; Path=/
Set-Cookie: firstName=Donny; Path=/
Content-Type: application/json; charset=utf-8
Content-Length: 278
Etag: W/"116-A+kzph8qr9L0xa2q+7jb6+zJyQQ"
Date: Thu, 12 Oct 2023 16:12:18 GMT
Via: 1.1 vegur

{
    "access_token": "eyJhbGciOiJIUzI1NiIsInR5cCI6IkpXVCJ9.eyJpZCI6IjY1MjgxYWUyZDUzMzEzMDAxNDdhNTBlOCIsImZpcnN0TmFtZSI6IkRvbm55IiwibGFzdE5hbWUiOiJPc2luc2tpIiwiaWF0IjoxNjk3MTI3MTM4fQ.5CyAeiLipSTt7eTggpsncCIbL6FCDd6TddUFwrBXyBM",
    "userID": "65281ae2d5331300147a50e8",
    "firstName": "Donny"
}
HTTP/1.1 201 Created
Server: Cowboy
Connection: keep-alive
X-Powered-By: Express
Access-Control-Allow-Origin: *
Content-Type: application/json; charset=utf-8
Content-Length: 161
Etag: W/"a1-EDCPc0tFr/GspcND/vFIkzJ6zAg"
Date: Thu, 12 Oct 2023 16:12:19 GMT
Via: 1.1 vegur

{
    "isCompleted": false,
    "_id": "65281ae3d5331300147a50ec",
    "item": "Learn Selenium",
    "userID": "65281ae2d5331300147a50ea",
    "createdAt": "2023-10-12T16:12:19.771Z",
    "__v": 0
}
]]></system-out>
    <system-err><![CDATA[1697127138303	Marionette	INFO	Stopped listening on port 58828
Dynamically enable window occlusion 1
]]></system-err>
  </testcase>
  <testcase name="shouldBeAbleToDeleteTodo" classname="com.qacart.todo.testcases.TodoTest" time="4.805">
    <system-err><![CDATA[1697127141070	Marionette	INFO	Stopped listening on port 58829
]]></system-err>
  </testcase>
</testsuite>