<?xml version="1.0" encoding="UTF-8"?>
<testsuite xmlns:xsi="http://www.w3.org/2001/XMLSchema-instance" xsi:noNamespaceSchemaLocation="https://maven.apache.org/surefire/maven-surefire-plugin/xsd/surefire-test-report-3.0.xsd" version="3.0" name="TestSuite" time="9.002" tests="3" errors="0" skipped="0" failures="0">
  <properties>
[...]
</properties>
  <testcase name="shouldBeAbleToLoginWithEmailAndPassword" classname="com.qacart.todo.testcases.LoginTest" time="1.902">
    <system-out><![CDATA[Request method:	POST
Request URI:	https://todo.qacart.com/api/v1/users/register
Proxy:			<none>
Request params:	<none>
Query params:	<none>
Form params:	<none>
Path params:	<none>
Headers:		Accept=*/*
				Content-Type=application/json
Cookies:		<none>
Multiparts:		<none>
Body:
{
    "email": "hans.mccullough@gmail.com",
    "password": "hr18hger",
    "firstName": "Iluminada",
    "lastName": "Morissette"
}
Request method:	POST
Request URI:	https://todo.qacart.com/api/v1/users/register
Proxy:			<none>
Request params:	<none>
Query params:	<none>
Form params:	<none>
Path params:	<none>
Headers:		Accept=*/*
				Content-Type=application/json
Cookies:		<none>
Multiparts:		<none>
Body:
{
    "email": "stefanie.fadel@hotmail.com",
    "password": "whnantht",
    "firstName": "Christa",
    "lastName": "Wolf"
}
]]></system-out>
    <system-err><![CDATA[SLF4J: No SLF4J providers were found.
SLF4J: Defaulting to no-operation (NOP) logger implementation
SLF4J: See https://www.slf4j.org/codes.html#noProviders for further details.
Starting ChromeDriver 115.0.5790.102 (90efd4b0ad6aa15eeafcdabd5817ae939f7ba059-refs/branch-heads/5790_90@{#9}) on port 8644
Only local connections are allowed.
Please see https://chromedriver.chromium.org/security-considerations for suggestions on keeping ChrSomeDritavrer tsafe.i
ng ChromeDriver 115.0.5790.102 (90efd4b0ad6aa15eeafcdabd5817ae939f7ba059-refs/branch-heads/5790_90@{#9}) on port 9979
Only local connections are allowed.
Please see https://chromedriver.chromium.org/security-considerations for suggestions on keeping ChromeDriver safe.
ChromeDriver was started successfully.
ChromeDriver was started successfully.
Starting ChromeDriver 115.0.5790.102 (90efd4b0ad6aa15eeafcdabd5817ae939f7ba059-refs/branch-heads/5790_90@{#9}) on port 12925
Only local connections are allowed.
Please see https://chromedriver.chromium.org/security-considerations for suggestions on keeping ChromeDriver safe.
ChromeDriver was started successfully.
Juli 30, 2023 3:37:20 PM org.openqa.selenium.devtools.CdpVersionFinder findNearestMatch
WARNUNG: Unable to find CDP implementation matching 115
Juli 30, 2023 3:37:20 PM org.openqa.selenium.devtools.CdpVersionFinder findNearestMatch
WARNUNG: Unable to find CDP implementation matching 115
Juli 30, 2023 3:37:20 PM org.openqa.selenium.devtools.CdpVersionFinder findNearestMatch
WARNUNG: Unable to find CDP implementation matching 115
Juli 30, 2023 3:37:20 PM org.openqa.selenium.chromium.ChromiumDriver lambda$new$3
WARNUNG: Unable to find version of CDP to use for . You may need to include a dependency on a specific version of the CDP using something similar to `org.seleniumhq.selenium:selenium-devtools-v86:4.6.0` where the version ("v86") matches the version of the chromium-based browser you're using and the version number of the artifact is the same as Selenium's.
Juli 30, 2023 3:37:20 PM org.openqa.selenium.chromium.ChromiumDriver lambda$new$3
WARNUNG: Unable to find version of CDP to use for . You may need to include a dependency on a specific version of the CDP using something similar to `org.seleniumhq.selenium:selenium-devtools-v86:4.6.0` where the version ("v86") matches the version of the chromium-based browser you're using and the version number of the artifact is the same as Selenium's.
Juli 30, 2023 3:37:20 PM org.openqa.selenium.chromium.ChromiumDriver lambda$new$3
WARNUNG: Unable to find version of CDP to use for . You may need to include a dependency on a specific version of the CDP using something similar to `org.seleniumhq.selenium:selenium-devtools-v86:4.6.0` where the version ("v86") matches the version of the chromium-based browser you're using and the version number of the artifact is the same as Selenium's.
]]></system-err>
  </testcase>
  <testcase name="shouldBeAbleToAddNewTodo" classname="com.qacart.todo.testcases.TodoTest" time="5.077">
    <system-out><![CDATA[HTTP/1.1 201 Created
Server: Cowboy
Connection: keep-alive
X-Powered-By: Express
Access-Control-Allow-Origin: *
Set-Cookie: access_token=eyJhbGciOiJIUzI1NiIsInR5cCI6IkpXVCJ9.eyJpZCI6IjY0YzY2NzkzN2Y2YWFjMDAxNGQ5MWQ0NiIsImZpcnN0TmFtZSI6IkNocmlzdGEiLCJsYXN0TmFtZSI6IldvbGYiLCJpYXQiOjE2OTA3MjQyNDN9.MdrExjn-KB9NybWepId7gleCc_JbNUWRgTBEXmXT2PU; Path=/
Set-Cookie: userID=j%3A%2264c667937f6aac0014d91d46%22; Path=/
Set-Cookie: firstName=Christa; Path=/
Content-Type: application/json; charset=utf-8
Content-Length: 278
Etag: W/"116-Ik+mr1NSHifMhkjJ+5RBlRkzNz8"
Date: Sun, 30 Jul 2023 13:37:23 GMT
Via: 1.1 vegur

{
    "access_token": "eyJhbGciOiJIUzI1NiIsInR5cCI6IkpXVCJ9.eyJpZCI6IjY0YzY2NzkzN2Y2YWFjMDAxNGQ5MWQ0NiIsImZpcnN0TmFtZSI6IkNocmlzdGEiLCJsYXN0TmFtZSI6IldvbGYiLCJpYXQiOjE2OTA3MjQyNDN9.MdrExjn-KB9NybWepId7gleCc_JbNUWRgTBEXmXT2PU",
    "userID": "64c667937f6aac0014d91d46",
    "firstName": "Christa"
}
HTTP/1.1 201 Created
Server: Cowboy
Connection: keep-alive
X-Powered-By: Express
Access-Control-Allow-Origin: *
Set-Cookie: access_token=eyJhbGciOiJIUzI1NiIsInR5cCI6IkpXVCJ9.eyJpZCI6IjY0YzY2NzkzN2Y2YWFjMDAxNGQ5MWQ0NCIsImZpcnN0TmFtZSI6IklsdW1pbmFkYSIsImxhc3ROYW1lIjoiTW9yaXNzZXR0ZSIsImlhdCI6MTY5MDcyNDI0M30.25XBN07GUdpDklFnWpn06zSb4i3Pbp_FICeXMldbuP4; Path=/
Set-Cookie: userID=j%3A%2264c667937f6aac0014d91d44%22; Path=/
Set-Cookie: firstName=Iluminada; Path=/
Content-Type: application/json; charset=utf-8
Content-Length: 291
Etag: W/"123-WLV0feNxe9wQySpNscPz9R+DROI"
Date: Sun, 30 Jul 2023 13:37:23 GMT
Via: 1.1 vegur

{
    "access_token": "eyJhbGciOiJIUzI1NiIsInR5cCI6IkpXVCJ9.eyJpZCI6IjY0YzY2NzkzN2Y2YWFjMDAxNGQ5MWQ0NCIsImZpcnN0TmFtZSI6IklsdW1pbmFkYSIsImxhc3ROYW1lIjoiTW9yaXNzZXR0ZSIsImlhdCI6MTY5MDcyNDI0M30.25XBN07GUdpDklFnWpn06zSb4i3Pbp_FICeXMldbuP4",
    "userID": "64c667937f6aac0014d91d44",
    "firstName": "Iluminada"
}
HTTP/1.1 201 Created
Server: Cowboy
Connection: keep-alive
X-Powered-By: Express
Access-Control-Allow-Origin: *
Content-Type: application/json; charset=utf-8
Content-Length: 161
Etag: W/"a1-lWjlgd0g5swQXzlPR8P4TZCJPhI"
Date: Sun, 30 Jul 2023 13:37:24 GMT
Via: 1.1 vegur

{
    "isCompleted": false,
    "_id": "64c667947f6aac0014d91d48",
    "item": "Learn Selenium",
    "userID": "64c667937f6aac0014d91d44",
    "createdAt": "2023-07-30T13:37:24.829Z",
    "__v": 0
}
]]></system-out>
  </testcase>
  <testcase name="shouldBeAbleToDeleteTodo" classname="com.qacart.todo.testcases.TodoTest" time="5.277"/>
</testsuite>