<?xml version="1.0" encoding="UTF-8"?>
<testng-results ignored="0" total="3" passed="3" failed="0" skipped="0">
  <reporter-output>
  </reporter-output>
  <suite started-at="2022-11-11T19:51:13 MEZ" name="Surefire suite" finished-at="2022-11-11T19:51:44 MEZ" duration-ms="30914">
    <groups>
    </groups>
    <test started-at="2022-11-11T19:51:13 MEZ" name="Surefire test" finished-at="2022-11-11T19:51:44 MEZ" duration-ms="30914">
      <class name="com.qacart.todo.testcases.LoginTest">
        <test-method is-config="true" signature="setup()[pri:0, instance:com.qacart.todo.testcases.LoginTest@59429fac]" started-at="2022-11-11T19:51:13 MEZ" name="setup" finished-at="2022-11-11T19:51:20 MEZ" duration-ms="7453" status="PASS">
          <reporter-output>
          </reporter-output>
        </test-method> <!-- setup -->
        <test-method signature="shouldBeAbleToLoginWithEmailAndPassword()[pri:0, instance:com.qacart.todo.testcases.LoginTest@59429fac]" started-at="2022-11-11T19:51:20 MEZ" name="shouldBeAbleToLoginWithEmailAndPassword" description="Test the login functionality using email and password" finished-at="2022-11-11T19:51:24 MEZ" duration-ms="3940" status="PASS">
          <reporter-output>
          </reporter-output>
        </test-method> <!-- shouldBeAbleToLoginWithEmailAndPassword -->
        <test-method is-config="true" signature="teardown(org.testng.ITestResult)[pri:0, instance:com.qacart.todo.testcases.LoginTest@59429fac]" started-at="2022-11-11T19:51:24 MEZ" name="teardown" finished-at="2022-11-11T19:51:26 MEZ" duration-ms="1868" status="PASS">
          <params>
            <param index="0">
              <value>
                <![CDATA[[TestResult name=shouldBeAbleToLoginWithEmailAndPassword status=SUCCESS method=LoginTest.shouldBeAbleToLoginWithEmailAndPassword()[pri:0, instance:com.qacart.todo.testcases.LoginTest@59429fac] output={null}]]]>
              </value>
            </param>
          </params>
          <reporter-output>
          </reporter-output>
        </test-method> <!-- teardown -->
      </class> <!-- com.qacart.todo.testcases.LoginTest -->
      <class name="com.qacart.todo.testcases.TodoTest">
        <test-method is-config="true" signature="setup()[pri:0, instance:com.qacart.todo.testcases.TodoTest@57aa341b]" started-at="2022-11-11T19:51:13 MEZ" name="setup" finished-at="2022-11-11T19:51:20 MEZ" duration-ms="7434" status="PASS">
          <reporter-output>
          </reporter-output>
        </test-method> <!-- setup -->
        <test-method is-config="true" signature="setup()[pri:0, instance:com.qacart.todo.testcases.TodoTest@57aa341b]" started-at="2022-11-11T19:51:13 MEZ" name="setup" finished-at="2022-11-11T19:51:20 MEZ" duration-ms="7400" status="PASS">
          <reporter-output>
          </reporter-output>
        </test-method> <!-- setup -->
        <test-method signature="shouldBeAbleToDeleteTodo()[pri:0, instance:com.qacart.todo.testcases.TodoTest@57aa341b]" started-at="2022-11-11T19:51:20 MEZ" name="shouldBeAbleToDeleteTodo" description="Should be able to delete a todo correctly" finished-at="2022-11-11T19:51:43 MEZ" duration-ms="22303" status="PASS">
          <reporter-output>
          </reporter-output>
        </test-method> <!-- shouldBeAbleToDeleteTodo -->
        <test-method signature="shouldBeAbleToAddNewTodo()[pri:0, instance:com.qacart.todo.testcases.TodoTest@57aa341b]" started-at="2022-11-11T19:51:20 MEZ" name="shouldBeAbleToAddNewTodo" description="Should be able to add a new todo correctly" finished-at="2022-11-11T19:51:40 MEZ" duration-ms="19700" status="PASS">
          <reporter-output>
          </reporter-output>
        </test-method> <!-- shouldBeAbleToAddNewTodo -->
        <test-method is-config="true" signature="teardown(org.testng.ITestResult)[pri:0, instance:com.qacart.todo.testcases.TodoTest@57aa341b]" started-at="2022-11-11T19:51:40 MEZ" name="teardown" finished-at="2022-11-11T19:51:42 MEZ" duration-ms="1749" status="PASS">
          <params>
            <param index="0">
              <value>
                <![CDATA[[TestResult name=shouldBeAbleToAddNewTodo status=SUCCESS method=TodoTest.shouldBeAbleToAddNewTodo()[pri:0, instance:com.qacart.todo.testcases.TodoTest@57aa341b] output={null}]]]>
              </value>
            </param>
          </params>
          <reporter-output>
          </reporter-output>
        </test-method> <!-- teardown -->
        <test-method is-config="true" signature="teardown(org.testng.ITestResult)[pri:0, instance:com.qacart.todo.testcases.TodoTest@57aa341b]" started-at="2022-11-11T19:51:43 MEZ" name="teardown" finished-at="2022-11-11T19:51:44 MEZ" duration-ms="830" status="PASS">
          <params>
            <param index="0">
              <value>
                <![CDATA[[TestResult name=shouldBeAbleToDeleteTodo status=SUCCESS method=TodoTest.shouldBeAbleToDeleteTodo()[pri:0, instance:com.qacart.todo.testcases.TodoTest@57aa341b] output={null}]]]>
              </value>
            </param>
          </params>
          <reporter-output>
          </reporter-output>
        </test-method> <!-- teardown -->
      </class> <!-- com.qacart.todo.testcases.TodoTest -->
    </test> <!-- Surefire test -->
  </suite> <!-- Surefire suite -->
</testng-results>
