<?xml version="1.0" encoding="UTF-8"?>
<testng-results ignored="0" total="3" passed="3" failed="0" skipped="0">
  <reporter-output>
  </reporter-output>
  <suite started-at="2023-10-12T18:12:12 MESZ" name="Surefire suite" finished-at="2023-10-12T18:12:22 MESZ" duration-ms="9539">
    <groups>
    </groups>
    <test started-at="2023-10-12T18:12:12 MESZ" name="Surefire test" finished-at="2023-10-12T18:12:22 MESZ" duration-ms="9539">
      <class name="com.qacart.todo.testcases.LoginTest">
        <test-method is-config="true" signature="setup()[pri:0, instance:com.qacart.todo.testcases.LoginTest@39109136]" started-at="2023-10-12T18:12:12 MESZ" name="setup" finished-at="2023-10-12T18:12:16 MESZ" duration-ms="3633" status="PASS">
          <reporter-output>
          </reporter-output>
        </test-method> <!-- setup -->
        <test-method signature="shouldBeAbleToLoginWithEmailAndPassword()[pri:0, instance:com.qacart.todo.testcases.LoginTest@39109136]" started-at="2023-10-12T18:12:16 MESZ" name="shouldBeAbleToLoginWithEmailAndPassword" description="Test the login functionality using email and password" finished-at="2023-10-12T18:12:18 MESZ" duration-ms="1837" status="PASS">
          <reporter-output>
          </reporter-output>
        </test-method> <!-- shouldBeAbleToLoginWithEmailAndPassword -->
        <test-method is-config="true" signature="teardown(org.testng.ITestResult)[pri:0, instance:com.qacart.todo.testcases.LoginTest@39109136]" started-at="2023-10-12T18:12:18 MESZ" name="teardown" finished-at="2023-10-12T18:12:19 MESZ" duration-ms="826" status="PASS">
          <params>
            <param index="0">
              <value>
                <![CDATA[[TestResult name=shouldBeAbleToLoginWithEmailAndPassword status=SUCCESS method=LoginTest.shouldBeAbleToLoginWithEmailAndPassword()[pri:0, instance:com.qacart.todo.testcases.LoginTest@39109136] output={null}]]]>
              </value>
            </param>
          </params>
          <reporter-output>
          </reporter-output>
        </test-method> <!-- teardown -->
      </class> <!-- com.qacart.todo.testcases.LoginTest -->
      <class name="com.qacart.todo.testcases.TodoTest">
        <test-method is-config="true" signature="setup()[pri:0, instance:com.qacart.todo.testcases.TodoTest@27c04377]" started-at="2023-10-12T18:12:12 MESZ" name="setup" finished-at="2023-10-12T18:12:16 MESZ" duration-ms="3633" status="PASS">
          <reporter-output>
          </reporter-output>
        </test-method> <!-- setup -->
        <test-method is-config="true" signature="setup()[pri:0, instance:com.qacart.todo.testcases.TodoTest@27c04377]" started-at="2023-10-12T18:12:12 MESZ" name="setup" finished-at="2023-10-12T18:12:16 MESZ" duration-ms="3694" status="PASS">
          <reporter-output>
          </reporter-output>
        </test-method> <!-- setup -->
        <test-method signature="shouldBeAbleToAddNewTodo()[pri:0, instance:com.qacart.todo.testcases.TodoTest@27c04377]" started-at="2023-10-12T18:12:16 MESZ" name="shouldBeAbleToAddNewTodo" description="Should be able to add a new todo correctly" finished-at="2023-10-12T18:12:21 MESZ" duration-ms="4624" status="PASS">
          <reporter-output>
          </reporter-output>
        </test-method> <!-- shouldBeAbleToAddNewTodo -->
        <test-method signature="shouldBeAbleToDeleteTodo()[pri:0, instance:com.qacart.todo.testcases.TodoTest@27c04377]" started-at="2023-10-12T18:12:16 MESZ" name="shouldBeAbleToDeleteTodo" description="Should be able to delete a todo correctly" finished-at="2023-10-12T18:12:21 MESZ" duration-ms="4805" status="PASS">
          <reporter-output>
          </reporter-output>
        </test-method> <!-- shouldBeAbleToDeleteTodo -->
        <test-method is-config="true" signature="teardown(org.testng.ITestResult)[pri:0, instance:com.qacart.todo.testcases.TodoTest@27c04377]" started-at="2023-10-12T18:12:21 MESZ" name="teardown" finished-at="2023-10-12T18:12:22 MESZ" duration-ms="1058" status="PASS">
          <params>
            <param index="0">
              <value>
                <![CDATA[[TestResult name=shouldBeAbleToAddNewTodo status=SUCCESS method=TodoTest.shouldBeAbleToAddNewTodo()[pri:0, instance:com.qacart.todo.testcases.TodoTest@27c04377] output={null}]]]>
              </value>
            </param>
          </params>
          <reporter-output>
          </reporter-output>
        </test-method> <!-- teardown -->
        <test-method is-config="true" signature="teardown(org.testng.ITestResult)[pri:0, instance:com.qacart.todo.testcases.TodoTest@27c04377]" started-at="2023-10-12T18:12:21 MESZ" name="teardown" finished-at="2023-10-12T18:12:22 MESZ" duration-ms="986" status="PASS">
          <params>
            <param index="0">
              <value>
                <![CDATA[[TestResult name=shouldBeAbleToDeleteTodo status=SUCCESS method=TodoTest.shouldBeAbleToDeleteTodo()[pri:0, instance:com.qacart.todo.testcases.TodoTest@27c04377] output={null}]]]>
              </value>
            </param>
          </params>
          <reporter-output>
          </reporter-output>
        </test-method> <!-- teardown -->
      </class> <!-- com.qacart.todo.testcases.TodoTest -->
    </test> <!-- Surefire test -->
  </suite> <!-- Surefire suite -->
</testng-results>
